#
# There is insufficient memory for the Java Runtime Environment to continue.
# Native memory allocation (malloc) failed to allocate 436576 bytes for Chunk::new
# Possible reasons:
#   The system is out of physical RAM or swap space
#   The process is running with CompressedOops enabled, and the Java Heap may be blocking the growth of the native heap
# Possible solutions:
#   Reduce memory load on the system
#   Increase physical memory or swap space
#   Check if swap backing store is full
#   Decrease Java heap size (-Xmx/-Xms)
#   Decrease number of Java threads
#   Decrease Java thread stack sizes (-Xss)
#   Set larger code cache with -XX:ReservedCodeCacheSize=
#   JVM is running with Unscaled Compressed Oops mode in which the Java heap is
#     placed in the first 4GB address space. The Java Heap base address is the
#     maximum limit for the native heap growth. Please use -XX:HeapBaseMinAddress
#     to set the Java Heap base and to place the Java Heap above 4GB virtual address.
# This output file may be truncated or incomplete.
#
#  Out of Memory Error (./src/hotspot/share/memory/arena.cpp:197), pid=34864, tid=8568
#
# JRE version: OpenJDK Runtime Environment (11.0.10) (build 11.0.10+0-b96-7249189)
# Java VM: OpenJDK 64-Bit Server VM (11.0.10+0-b96-7249189, mixed mode, tiered, compressed oops, g1 gc, windows-amd64)
# No core dump will be written. Minidumps are not enabled by default on client versions of Windows
#

---------------  S U M M A R Y ------------

Command Line: --add-opens=java.base/java.util=ALL-UNNAMED --add-opens=java.base/java.lang=ALL-UNNAMED --add-opens=java.base/java.lang.invoke=ALL-UNNAMED --add-opens=java.base/java.util=ALL-UNNAMED --add-opens=java.prefs/java.util.prefs=ALL-UNNAMED --add-opens=java.prefs/java.util.prefs=ALL-UNNAMED --add-opens=java.base/java.nio.charset=ALL-UNNAMED --add-opens=java.base/java.net=ALL-UNNAMED --add-opens=java.base/java.util.concurrent.atomic=ALL-UNNAMED -Xmx2048m -Dfile.encoding=UTF-8 -Duser.country=MY -Duser.language=en -Duser.variant org.gradle.launcher.daemon.bootstrap.GradleDaemon 7.0.2

Host: Intel(R) Core(TM) i5-10210U CPU @ 1.60GHz, 8 cores, 7G,  Windows 10 , 64 bit Build 19041 (10.0.19041.2788)
Time: Wed Apr 19 12:37:31 2023 Malay Peninsula Standard Time elapsed time: 24.429143 seconds (0d 0h 0m 24s)

---------------  T H R E A D  ---------------

Current thread (0x00000224edd74800):  JavaThread "C2 CompilerThread0" daemon [_thread_in_native, id=8568, stack(0x0000006b38a00000,0x0000006b38b00000)]


Current CompileTask:
C2:  24429 3234   !   4       jdk.internal.loader.URLClassPath$JarLoader::getResource (353 bytes)

Stack: [0x0000006b38a00000,0x0000006b38b00000]
Native frames: (J=compiled Java code, j=interpreted, Vv=VM code, C=native code)
V  [jvm.dll+0x5ecfaa]
V  [jvm.dll+0x722bd5]
V  [jvm.dll+0x72412d]
V  [jvm.dll+0x7247e3]
V  [jvm.dll+0x242928]
V  [jvm.dll+0xbc4fc]
V  [jvm.dll+0xbca0c]
V  [jvm.dll+0x2b4fd4]
V  [jvm.dll+0x506028]
V  [jvm.dll+0x203253]
V  [jvm.dll+0x1fd07c]
V  [jvm.dll+0x1fa77f]
V  [jvm.dll+0x18354c]
V  [jvm.dll+0x208ee7]
V  [jvm.dll+0x207731]
V  [jvm.dll+0x6eb1cf]
V  [jvm.dll+0x6e3d45]
V  [jvm.dll+0x5ebe96]
C  [ucrtbase.dll+0x21bb2]
C  [KERNEL32.DLL+0x17604]
C  [ntdll.dll+0x526a1]


---------------  P R O C E S S  ---------------

Threads class SMR info:
_java_thread_list=0x00000224f3b02000, length=33, elements={
0x00000224d38ed800, 0x00000224edd50800, 0x00000224edd5c800, 0x00000224edd69800,
0x00000224edd6c000, 0x00000224edd71000, 0x00000224edd74800, 0x00000224edd78000,
0x00000224edd7c000, 0x00000224ee81a800, 0x00000224f0b2f000, 0x00000224efa3d800,
0x00000224efe51800, 0x00000224f1174800, 0x00000224efd9a800, 0x00000224f0556000,
0x00000224f0f63000, 0x00000224f0791800, 0x00000224f0f3d000, 0x00000224f0a28000,
0x00000224f0a26800, 0x00000224f0a29800, 0x00000224f0a24000, 0x00000224f0a2a800,
0x00000224f0a27000, 0x00000224f0a28800, 0x00000224f0a25800, 0x00000224f0a24800,
0x00000224f3af6800, 0x00000224f3af6000, 0x00000224f3af2000, 0x00000224f3af2800,
0x00000224f3af4000
}

Java Threads: ( => current thread )
  0x00000224d38ed800 JavaThread "main" [_thread_blocked, id=7560, stack(0x0000006b37e00000,0x0000006b37f00000)]
  0x00000224edd50800 JavaThread "Reference Handler" daemon [_thread_blocked, id=6164, stack(0x0000006b38500000,0x0000006b38600000)]
  0x00000224edd5c800 JavaThread "Finalizer" daemon [_thread_blocked, id=31984, stack(0x0000006b38600000,0x0000006b38700000)]
  0x00000224edd69800 JavaThread "Signal Dispatcher" daemon [_thread_blocked, id=17164, stack(0x0000006b38700000,0x0000006b38800000)]
  0x00000224edd6c000 JavaThread "Attach Listener" daemon [_thread_blocked, id=656, stack(0x0000006b38800000,0x0000006b38900000)]
  0x00000224edd71000 JavaThread "Service Thread" daemon [_thread_blocked, id=36216, stack(0x0000006b38900000,0x0000006b38a00000)]
=>0x00000224edd74800 JavaThread "C2 CompilerThread0" daemon [_thread_in_native, id=8568, stack(0x0000006b38a00000,0x0000006b38b00000)]
  0x00000224edd78000 JavaThread "C1 CompilerThread0" daemon [_thread_blocked, id=17008, stack(0x0000006b38b00000,0x0000006b38c00000)]
  0x00000224edd7c000 JavaThread "Sweeper thread" daemon [_thread_blocked, id=18856, stack(0x0000006b38c00000,0x0000006b38d00000)]
  0x00000224ee81a800 JavaThread "Common-Cleaner" daemon [_thread_blocked, id=29260, stack(0x0000006b38d00000,0x0000006b38e00000)]
  0x00000224f0b2f000 JavaThread "Daemon health stats" [_thread_blocked, id=37124, stack(0x0000006b39200000,0x0000006b39300000)]
  0x00000224efa3d800 JavaThread "Incoming local TCP Connector on port 1774" [_thread_in_native, id=31316, stack(0x0000006b39100000,0x0000006b39200000)]
  0x00000224efe51800 JavaThread "Daemon periodic checks" [_thread_blocked, id=10464, stack(0x0000006b39300000,0x0000006b39400000)]
  0x00000224f1174800 JavaThread "Daemon" [_thread_blocked, id=26740, stack(0x0000006b39400000,0x0000006b39500000)]
  0x00000224efd9a800 JavaThread "Handler for socket connection from /127.0.0.1:1774 to /127.0.0.1:1775" [_thread_in_native, id=20320, stack(0x0000006b39500000,0x0000006b39600000)]
  0x00000224f0556000 JavaThread "Cancel handler" [_thread_blocked, id=26844, stack(0x0000006b39700000,0x0000006b39800000)]
  0x00000224f0f63000 JavaThread "Daemon worker" [_thread_in_native, id=36712, stack(0x0000006b39800000,0x0000006b39900000)]
  0x00000224f0791800 JavaThread "Asynchronous log dispatcher for DefaultDaemonConnection: socket connection from /127.0.0.1:1774 to /127.0.0.1:1775" [_thread_blocked, id=35632, stack(0x0000006b39900000,0x0000006b39a00000)]
  0x00000224f0f3d000 JavaThread "Stdin handler" [_thread_blocked, id=34652, stack(0x0000006b39a00000,0x0000006b39b00000)]
  0x00000224f0a28000 JavaThread "Daemon client event forwarder" [_thread_blocked, id=18336, stack(0x0000006b39b00000,0x0000006b39c00000)]
  0x00000224f0a26800 JavaThread "Cache worker for file hash cache (C:\Users\PC\.gradle\caches\7.0.2\fileHashes)" [_thread_blocked, id=29816, stack(0x0000006b3a100000,0x0000006b3a200000)]
  0x00000224f0a29800 JavaThread "File lock request listener" [_thread_in_native, id=18356, stack(0x0000006b3a200000,0x0000006b3a300000)]
  0x00000224f0a24000 JavaThread "Cache worker for journal cache (C:\Users\PC\.gradle\caches\journal-1)" [_thread_blocked, id=2692, stack(0x0000006b3a400000,0x0000006b3a500000)]
  0x00000224f0a2a800 JavaThread "Cache worker for file hash cache (C:\Users\PC\AndroidStudioProjects\Period_Tracker\.gradle\7.0.2\fileHashes)" [_thread_blocked, id=10280, stack(0x0000006b3a500000,0x0000006b3a600000)]
  0x00000224f0a27000 JavaThread "File watcher server" daemon [_thread_in_native, id=88, stack(0x0000006b3a600000,0x0000006b3a700000)]
  0x00000224f0a28800 JavaThread "File watcher consumer" daemon [_thread_blocked, id=37104, stack(0x0000006b3a700000,0x0000006b3a800000)]
  0x00000224f0a25800 JavaThread "Cache worker for checksums cache (C:\Users\PC\AndroidStudioProjects\Period_Tracker\.gradle\checksums)" [_thread_blocked, id=29120, stack(0x0000006b3a800000,0x0000006b3a900000)]
  0x00000224f0a24800 JavaThread "Cache worker for cache directory md-supplier (C:\Users\PC\.gradle\caches\7.0.2\md-supplier)" [_thread_blocked, id=6540, stack(0x0000006b3a900000,0x0000006b3aa00000)]
  0x00000224f3af6800 JavaThread "Cache worker for cache directory md-rule (C:\Users\PC\.gradle\caches\7.0.2\md-rule)" [_thread_blocked, id=37576, stack(0x0000006b3aa00000,0x0000006b3ab00000)]
  0x00000224f3af6000 JavaThread "Cache worker for execution history cache (C:\Users\PC\.gradle\caches\7.0.2\executionHistory)" [_thread_blocked, id=25976, stack(0x0000006b3ab00000,0x0000006b3ac00000)]
  0x00000224f3af2000 JavaThread "jar transforms" [_thread_blocked, id=35248, stack(0x0000006b39600000,0x0000006b39700000)]
  0x00000224f3af2800 JavaThread "jar transforms Thread 2" [_thread_blocked, id=31864, stack(0x0000006b3ac00000,0x0000006b3ad00000)]
  0x00000224f3af4000 JavaThread "Cache worker for file content cache (C:\Users\PC\.gradle\caches\7.0.2\fileContent)" [_thread_blocked, id=5204, stack(0x0000006b3ae00000,0x0000006b3af00000)]

Other Threads:
  0x00000224edd4b800 VMThread "VM Thread" [stack: 0x0000006b38400000,0x0000006b38500000] [id=37476]
  0x00000224ee873800 WatcherThread [stack: 0x0000006b38e00000,0x0000006b38f00000] [id=13376]
  0x00000224d3908000 GCTaskThread "GC Thread#0" [stack: 0x0000006b37f00000,0x0000006b38000000] [id=37800]
  0x00000224ef4d2000 GCTaskThread "GC Thread#1" [stack: 0x0000006b38f00000,0x0000006b39000000] [id=16408]
  0x00000224ef008800 GCTaskThread "GC Thread#2" [stack: 0x0000006b39000000,0x0000006b39100000] [id=36684]
  0x00000224f1356800 GCTaskThread "GC Thread#3" [stack: 0x0000006b39c00000,0x0000006b39d00000] [id=32640]
  0x00000224f0f86000 GCTaskThread "GC Thread#4" [stack: 0x0000006b39d00000,0x0000006b39e00000] [id=4040]
  0x00000224f0f87000 GCTaskThread "GC Thread#5" [stack: 0x0000006b39e00000,0x0000006b39f00000] [id=37828]
  0x00000224f0f87800 GCTaskThread "GC Thread#6" [stack: 0x0000006b39f00000,0x0000006b3a000000] [id=37320]
  0x00000224f0f89000 GCTaskThread "GC Thread#7" [stack: 0x0000006b3a000000,0x0000006b3a100000] [id=37360]
  0x00000224d3938000 ConcurrentGCThread "G1 Main Marker" [stack: 0x0000006b38000000,0x0000006b38100000] [id=16212]
  0x00000224d3939800 ConcurrentGCThread "G1 Conc#0" [stack: 0x0000006b38100000,0x0000006b38200000] [id=29412]
  0x00000224f06c1000 ConcurrentGCThread "G1 Conc#1" [stack: 0x0000006b3a300000,0x0000006b3a400000] [id=21848]
  0x00000224d39c7000 ConcurrentGCThread "G1 Refine#0" [stack: 0x0000006b38200000,0x0000006b38300000] [id=31736]
  0x00000224edba0800 ConcurrentGCThread "G1 Young RemSet Sampling" [stack: 0x0000006b38300000,0x0000006b38400000] [id=37260]

Threads with active compile tasks:
C2 CompilerThread0  34068 3234   !   4       jdk.internal.loader.URLClassPath$JarLoader::getResource (353 bytes)

VM state:not at safepoint (normal execution)

VM Mutex/Monitor currently owned by a thread: None

Heap address: 0x0000000080000000, size: 2048 MB, Compressed Oops mode: 32-bit
Narrow klass base: 0x0000000000000000, Narrow klass shift: 3
Compressed class space size: 1073741824 Address: 0x0000000100000000

Heap:
 garbage-first heap   total 129024K, used 62318K [0x0000000080000000, 0x0000000100000000)
  region size 1024K, 41 young (41984K), 5 survivors (5120K)
 Metaspace       used 38052K, capacity 38966K, committed 39040K, reserved 1083392K
  class space    used 4844K, capacity 5175K, committed 5248K, reserved 1048576K
Heap Regions: E=young(eden), S=young(survivor), O=old, HS=humongous(starts), HC=humongous(continues), CS=collection set, F=free, A=archive, TAMS=top-at-mark-start (previous, next)
|   0|0x0000000080000000, 0x0000000080100000, 0x0000000080100000|100%| O|  |TAMS 0x0000000080100000, 0x0000000080000000| Untracked 
|   1|0x0000000080100000, 0x0000000080200000, 0x0000000080200000|100%| O|  |TAMS 0x0000000080200000, 0x0000000080100000| Untracked 
|   2|0x0000000080200000, 0x0000000080300000, 0x0000000080300000|100%| O|  |TAMS 0x0000000080300000, 0x0000000080200000| Untracked 
|   3|0x0000000080300000, 0x0000000080400000, 0x0000000080400000|100%|HS|  |TAMS 0x0000000080400000, 0x0000000080300000| Complete 
|   4|0x0000000080400000, 0x0000000080500000, 0x0000000080500000|100%|HC|  |TAMS 0x0000000080500000, 0x0000000080400000| Complete 
|   5|0x0000000080500000, 0x0000000080600000, 0x0000000080600000|100%|HC|  |TAMS 0x0000000080600000, 0x0000000080500000| Complete 
|   6|0x0000000080600000, 0x0000000080700000, 0x0000000080700000|100%| O|  |TAMS 0x0000000080700000, 0x0000000080600000| Untracked 
|   7|0x0000000080700000, 0x0000000080800000, 0x0000000080800000|100%| O|  |TAMS 0x0000000080800000, 0x0000000080700000| Untracked 
|   8|0x0000000080800000, 0x0000000080900000, 0x0000000080900000|100%| O|  |TAMS 0x0000000080900000, 0x0000000080800000| Untracked 
|   9|0x0000000080900000, 0x0000000080a00000, 0x0000000080a00000|100%| O|  |TAMS 0x0000000080a00000, 0x0000000080900000| Untracked 
|  10|0x0000000080a00000, 0x0000000080b00000, 0x0000000080b00000|100%| O|  |TAMS 0x0000000080b00000, 0x0000000080a00000| Untracked 
|  11|0x0000000080b00000, 0x0000000080c00000, 0x0000000080c00000|100%| O|  |TAMS 0x0000000080c00000, 0x0000000080b00000| Untracked 
|  12|0x0000000080c00000, 0x0000000080d00000, 0x0000000080d00000|100%| O|  |TAMS 0x0000000080d00000, 0x0000000080c00000| Untracked 
|  13|0x0000000080d00000, 0x0000000080e00000, 0x0000000080e00000|100%| O|  |TAMS 0x0000000080e00000, 0x0000000080d00000| Untracked 
|  14|0x0000000080e00000, 0x0000000080f00000, 0x0000000080f00000|100%| O|  |TAMS 0x0000000080f00000, 0x0000000080e00000| Untracked 
|  15|0x0000000080f00000, 0x0000000081000000, 0x0000000081000000|100%| O|  |TAMS 0x0000000081000000, 0x0000000080f00000| Untracked 
|  16|0x0000000081000000, 0x0000000081100000, 0x0000000081100000|100%| O|  |TAMS 0x0000000081100000, 0x0000000081000000| Untracked 
|  17|0x0000000081100000, 0x0000000081200000, 0x0000000081200000|100%| O|  |TAMS 0x0000000081200000, 0x0000000081100000| Untracked 
|  18|0x0000000081200000, 0x0000000081212c00, 0x0000000081300000|  7%| O|  |TAMS 0x0000000081212c00, 0x0000000081200000| Untracked 
|  19|0x0000000081300000, 0x0000000081400000, 0x0000000081400000|100%|HS|  |TAMS 0x0000000081300000, 0x0000000081300000| Complete 
|  20|0x0000000081400000, 0x0000000081500000, 0x0000000081500000|100%|HS|  |TAMS 0x0000000081400000, 0x0000000081400000| Complete 
|  21|0x0000000081500000, 0x0000000081600000, 0x0000000081600000|100%|HC|  |TAMS 0x0000000081500000, 0x0000000081500000| Complete 
|  22|0x0000000081600000, 0x0000000081600000, 0x0000000081700000|  0%| F|  |TAMS 0x0000000081600000, 0x0000000081600000| Untracked 
|  23|0x0000000081700000, 0x0000000081700000, 0x0000000081800000|  0%| F|  |TAMS 0x0000000081700000, 0x0000000081700000| Untracked 
|  24|0x0000000081800000, 0x0000000081800000, 0x0000000081900000|  0%| F|  |TAMS 0x0000000081800000, 0x0000000081800000| Untracked 
|  25|0x0000000081900000, 0x0000000081900000, 0x0000000081a00000|  0%| F|  |TAMS 0x0000000081900000, 0x0000000081900000| Untracked 
|  26|0x0000000081a00000, 0x0000000081a00000, 0x0000000081b00000|  0%| F|  |TAMS 0x0000000081a00000, 0x0000000081a00000| Untracked 
|  27|0x0000000081b00000, 0x0000000081b00000, 0x0000000081c00000|  0%| F|  |TAMS 0x0000000081b00000, 0x0000000081b00000| Untracked 
|  28|0x0000000081c00000, 0x0000000081c00000, 0x0000000081d00000|  0%| F|  |TAMS 0x0000000081c00000, 0x0000000081c00000| Untracked 
|  29|0x0000000081d00000, 0x0000000081d00000, 0x0000000081e00000|  0%| F|  |TAMS 0x0000000081d00000, 0x0000000081d00000| Untracked 
|  30|0x0000000081e00000, 0x0000000081e00000, 0x0000000081f00000|  0%| F|  |TAMS 0x0000000081e00000, 0x0000000081e00000| Untracked 
|  31|0x0000000081f00000, 0x0000000081f00000, 0x0000000082000000|  0%| F|  |TAMS 0x0000000081f00000, 0x0000000081f00000| Untracked 
|  32|0x0000000082000000, 0x0000000082000000, 0x0000000082100000|  0%| F|  |TAMS 0x0000000082000000, 0x0000000082000000| Untracked 
|  33|0x0000000082100000, 0x0000000082100000, 0x0000000082200000|  0%| F|  |TAMS 0x0000000082100000, 0x0000000082100000| Untracked 
|  34|0x0000000082200000, 0x0000000082200000, 0x0000000082300000|  0%| F|  |TAMS 0x0000000082200000, 0x0000000082200000| Untracked 
|  35|0x0000000082300000, 0x0000000082300000, 0x0000000082400000|  0%| F|  |TAMS 0x0000000082300000, 0x0000000082300000| Untracked 
|  36|0x0000000082400000, 0x0000000082400000, 0x0000000082500000|  0%| F|  |TAMS 0x0000000082400000, 0x0000000082400000| Untracked 
|  37|0x0000000082500000, 0x0000000082500000, 0x0000000082600000|  0%| F|  |TAMS 0x0000000082500000, 0x0000000082500000| Untracked 
|  38|0x0000000082600000, 0x0000000082600000, 0x0000000082700000|  0%| F|  |TAMS 0x0000000082600000, 0x0000000082600000| Untracked 
|  39|0x0000000082700000, 0x0000000082700000, 0x0000000082800000|  0%| F|  |TAMS 0x0000000082700000, 0x0000000082700000| Untracked 
|  40|0x0000000082800000, 0x0000000082800000, 0x0000000082900000|  0%| F|  |TAMS 0x0000000082800000, 0x0000000082800000| Untracked 
|  41|0x0000000082900000, 0x0000000082900000, 0x0000000082a00000|  0%| F|  |TAMS 0x0000000082900000, 0x0000000082900000| Untracked 
|  42|0x0000000082a00000, 0x0000000082a00000, 0x0000000082b00000|  0%| F|  |TAMS 0x0000000082a00000, 0x0000000082a00000| Untracked 
|  43|0x0000000082b00000, 0x0000000082b00000, 0x0000000082c00000|  0%| F|  |TAMS 0x0000000082b00000, 0x0000000082b00000| Untracked 
|  44|0x0000000082c00000, 0x0000000082c00000, 0x0000000082d00000|  0%| F|  |TAMS 0x0000000082c00000, 0x0000000082c00000| Untracked 
|  45|0x0000000082d00000, 0x0000000082d00000, 0x0000000082e00000|  0%| F|  |TAMS 0x0000000082d00000, 0x0000000082d00000| Untracked 
|  46|0x0000000082e00000, 0x0000000082e00000, 0x0000000082f00000|  0%| F|  |TAMS 0x0000000082e00000, 0x0000000082e00000| Untracked 
|  47|0x0000000082f00000, 0x0000000082f00000, 0x0000000083000000|  0%| F|  |TAMS 0x0000000082f00000, 0x0000000082f00000| Untracked 
|  48|0x0000000083000000, 0x0000000083000000, 0x0000000083100000|  0%| F|  |TAMS 0x0000000083000000, 0x0000000083000000| Untracked 
|  49|0x0000000083100000, 0x0000000083100000, 0x0000000083200000|  0%| F|  |TAMS 0x0000000083100000, 0x0000000083100000| Untracked 
|  50|0x0000000083200000, 0x0000000083200000, 0x0000000083300000|  0%| F|  |TAMS 0x0000000083200000, 0x0000000083200000| Untracked 
|  51|0x0000000083300000, 0x0000000083300000, 0x0000000083400000|  0%| F|  |TAMS 0x0000000083300000, 0x0000000083300000| Untracked 
|  52|0x0000000083400000, 0x0000000083400000, 0x0000000083500000|  0%| F|  |TAMS 0x0000000083400000, 0x0000000083400000| Untracked 
|  53|0x0000000083500000, 0x0000000083500000, 0x0000000083600000|  0%| F|  |TAMS 0x0000000083500000, 0x0000000083500000| Untracked 
|  54|0x0000000083600000, 0x0000000083600000, 0x0000000083700000|  0%| F|  |TAMS 0x0000000083600000, 0x0000000083600000| Untracked 
|  55|0x0000000083700000, 0x0000000083700000, 0x0000000083800000|  0%| F|  |TAMS 0x0000000083700000, 0x0000000083700000| Untracked 
|  56|0x0000000083800000, 0x0000000083800000, 0x0000000083900000|  0%| F|  |TAMS 0x0000000083800000, 0x0000000083800000| Untracked 
|  57|0x0000000083900000, 0x0000000083900000, 0x0000000083a00000|  0%| F|  |TAMS 0x0000000083900000, 0x0000000083900000| Untracked 
|  58|0x0000000083a00000, 0x0000000083a00000, 0x0000000083b00000|  0%| F|  |TAMS 0x0000000083a00000, 0x0000000083a00000| Untracked 
|  59|0x0000000083b00000, 0x0000000083b00000, 0x0000000083c00000|  0%| F|  |TAMS 0x0000000083b00000, 0x0000000083b00000| Untracked 
|  60|0x0000000083c00000, 0x0000000083c00000, 0x0000000083d00000|  0%| F|  |TAMS 0x0000000083c00000, 0x0000000083c00000| Untracked 
|  61|0x0000000083d00000, 0x0000000083d00000, 0x0000000083e00000|  0%| F|  |TAMS 0x0000000083d00000, 0x0000000083d00000| Untracked 
|  62|0x0000000083e00000, 0x0000000083e00000, 0x0000000083f00000|  0%| F|  |TAMS 0x0000000083e00000, 0x0000000083e00000| Untracked 
|  63|0x0000000083f00000, 0x0000000083f00000, 0x0000000084000000|  0%| F|  |TAMS 0x0000000083f00000, 0x0000000083f00000| Untracked 
|  64|0x0000000084000000, 0x0000000084000000, 0x0000000084100000|  0%| F|  |TAMS 0x0000000084000000, 0x0000000084000000| Untracked 
|  65|0x0000000084100000, 0x0000000084100000, 0x0000000084200000|  0%| F|  |TAMS 0x0000000084100000, 0x0000000084100000| Untracked 
|  66|0x0000000084200000, 0x0000000084200000, 0x0000000084300000|  0%| F|  |TAMS 0x0000000084200000, 0x0000000084200000| Untracked 
|  67|0x0000000084300000, 0x0000000084300000, 0x0000000084400000|  0%| F|  |TAMS 0x0000000084300000, 0x0000000084300000| Untracked 
|  68|0x0000000084400000, 0x0000000084400000, 0x0000000084500000|  0%| F|  |TAMS 0x0000000084400000, 0x0000000084400000| Untracked 
|  69|0x0000000084500000, 0x0000000084500000, 0x0000000084600000|  0%| F|  |TAMS 0x0000000084500000, 0x0000000084500000| Untracked 
|  70|0x0000000084600000, 0x0000000084600000, 0x0000000084700000|  0%| F|  |TAMS 0x0000000084600000, 0x0000000084600000| Untracked 
|  71|0x0000000084700000, 0x0000000084700000, 0x0000000084800000|  0%| F|  |TAMS 0x0000000084700000, 0x0000000084700000| Untracked 
|  72|0x0000000084800000, 0x0000000084800000, 0x0000000084900000|  0%| F|  |TAMS 0x0000000084800000, 0x0000000084800000| Untracked 
|  73|0x0000000084900000, 0x0000000084900000, 0x0000000084a00000|  0%| F|  |TAMS 0x0000000084900000, 0x0000000084900000| Untracked 
|  74|0x0000000084a00000, 0x0000000084a00000, 0x0000000084b00000|  0%| F|  |TAMS 0x0000000084a00000, 0x0000000084a00000| Untracked 
|  75|0x0000000084b00000, 0x0000000084b00000, 0x0000000084c00000|  0%| F|  |TAMS 0x0000000084b00000, 0x0000000084b00000| Untracked 
|  76|0x0000000084c00000, 0x0000000084c00000, 0x0000000084d00000|  0%| F|  |TAMS 0x0000000084c00000, 0x0000000084c00000| Untracked 
|  77|0x0000000084d00000, 0x0000000084d00000, 0x0000000084e00000|  0%| F|  |TAMS 0x0000000084d00000, 0x0000000084d00000| Untracked 
|  78|0x0000000084e00000, 0x0000000084e00000, 0x0000000084f00000|  0%| F|  |TAMS 0x0000000084e00000, 0x0000000084e00000| Untracked 
|  79|0x0000000084f00000, 0x0000000084f00000, 0x0000000085000000|  0%| F|  |TAMS 0x0000000084f00000, 0x0000000084f00000| Untracked 
|  80|0x0000000085000000, 0x0000000085000000, 0x0000000085100000|  0%| F|  |TAMS 0x0000000085000000, 0x0000000085000000| Untracked 
|  81|0x0000000085100000, 0x0000000085100000, 0x0000000085200000|  0%| F|  |TAMS 0x0000000085100000, 0x0000000085100000| Untracked 
|  82|0x0000000085200000, 0x0000000085200000, 0x0000000085300000|  0%| F|  |TAMS 0x0000000085200000, 0x0000000085200000| Untracked 
|  83|0x0000000085300000, 0x0000000085300000, 0x0000000085400000|  0%| F|  |TAMS 0x0000000085300000, 0x0000000085300000| Untracked 
|  84|0x0000000085400000, 0x0000000085480800, 0x0000000085500000| 50%| E|  |TAMS 0x0000000085400000, 0x0000000085400000| Complete 
|  85|0x0000000085500000, 0x0000000085600000, 0x0000000085600000|100%| E|CS|TAMS 0x0000000085500000, 0x0000000085500000| Complete 
|  86|0x0000000085600000, 0x0000000085700000, 0x0000000085700000|100%| E|CS|TAMS 0x0000000085600000, 0x0000000085600000| Complete 
|  87|0x0000000085700000, 0x0000000085800000, 0x0000000085800000|100%| E|CS|TAMS 0x0000000085700000, 0x0000000085700000| Complete 
|  88|0x0000000085800000, 0x0000000085900000, 0x0000000085900000|100%| E|CS|TAMS 0x0000000085800000, 0x0000000085800000| Complete 
|  89|0x0000000085900000, 0x0000000085a00000, 0x0000000085a00000|100%| E|CS|TAMS 0x0000000085900000, 0x0000000085900000| Complete 
|  90|0x0000000085a00000, 0x0000000085b00000, 0x0000000085b00000|100%| E|CS|TAMS 0x0000000085a00000, 0x0000000085a00000| Complete 
|  91|0x0000000085b00000, 0x0000000085c00000, 0x0000000085c00000|100%| E|CS|TAMS 0x0000000085b00000, 0x0000000085b00000| Complete 
|  92|0x0000000085c00000, 0x0000000085d00000, 0x0000000085d00000|100%| E|CS|TAMS 0x0000000085c00000, 0x0000000085c00000| Complete 
|  93|0x0000000085d00000, 0x0000000085e00000, 0x0000000085e00000|100%| E|CS|TAMS 0x0000000085d00000, 0x0000000085d00000| Complete 
|  94|0x0000000085e00000, 0x0000000085f00000, 0x0000000085f00000|100%| E|CS|TAMS 0x0000000085e00000, 0x0000000085e00000| Complete 
|  95|0x0000000085f00000, 0x0000000086000000, 0x0000000086000000|100%| E|CS|TAMS 0x0000000085f00000, 0x0000000085f00000| Complete 
|  96|0x0000000086000000, 0x0000000086100000, 0x0000000086100000|100%| E|CS|TAMS 0x0000000086000000, 0x0000000086000000| Complete 
|  97|0x0000000086100000, 0x0000000086200000, 0x0000000086200000|100%| E|CS|TAMS 0x0000000086100000, 0x0000000086100000| Complete 
|  98|0x0000000086200000, 0x0000000086300000, 0x0000000086300000|100%| E|CS|TAMS 0x0000000086200000, 0x0000000086200000| Complete 
|  99|0x0000000086300000, 0x0000000086400000, 0x0000000086400000|100%| E|CS|TAMS 0x0000000086300000, 0x0000000086300000| Complete 
| 100|0x0000000086400000, 0x0000000086500000, 0x0000000086500000|100%| E|CS|TAMS 0x0000000086400000, 0x0000000086400000| Complete 
| 101|0x0000000086500000, 0x0000000086600000, 0x0000000086600000|100%| E|CS|TAMS 0x0000000086500000, 0x0000000086500000| Complete 
| 102|0x0000000086600000, 0x0000000086700000, 0x0000000086700000|100%| E|CS|TAMS 0x0000000086600000, 0x0000000086600000| Complete 
| 103|0x0000000086700000, 0x0000000086800000, 0x0000000086800000|100%| E|CS|TAMS 0x0000000086700000, 0x0000000086700000| Complete 
| 104|0x0000000086800000, 0x0000000086900000, 0x0000000086900000|100%| E|CS|TAMS 0x0000000086800000, 0x0000000086800000| Complete 
| 105|0x0000000086900000, 0x0000000086a00000, 0x0000000086a00000|100%| E|CS|TAMS 0x0000000086900000, 0x0000000086900000| Complete 
| 106|0x0000000086a00000, 0x0000000086b00000, 0x0000000086b00000|100%| E|CS|TAMS 0x0000000086a00000, 0x0000000086a00000| Complete 
| 107|0x0000000086b00000, 0x0000000086c00000, 0x0000000086c00000|100%| E|CS|TAMS 0x0000000086b00000, 0x0000000086b00000| Complete 
| 108|0x0000000086c00000, 0x0000000086d00000, 0x0000000086d00000|100%| E|CS|TAMS 0x0000000086c00000, 0x0000000086c00000| Complete 
| 109|0x0000000086d00000, 0x0000000086e00000, 0x0000000086e00000|100%| E|CS|TAMS 0x0000000086d00000, 0x0000000086d00000| Complete 
| 110|0x0000000086e00000, 0x0000000086f00000, 0x0000000086f00000|100%| E|CS|TAMS 0x0000000086e00000, 0x0000000086e00000| Complete 
| 111|0x0000000086f00000, 0x0000000087000000, 0x0000000087000000|100%| E|CS|TAMS 0x0000000086f00000, 0x0000000086f00000| Complete 
| 112|0x0000000087000000, 0x00000000870c8ce0, 0x0000000087100000| 78%| S|CS|TAMS 0x0000000087000000, 0x0000000087000000| Complete 
| 113|0x0000000087100000, 0x0000000087200000, 0x0000000087200000|100%| S|CS|TAMS 0x0000000087100000, 0x0000000087100000| Complete 
| 114|0x0000000087200000, 0x0000000087300000, 0x0000000087300000|100%| S|CS|TAMS 0x0000000087200000, 0x0000000087200000| Complete 
| 115|0x0000000087300000, 0x0000000087400000, 0x0000000087400000|100%| S|CS|TAMS 0x0000000087300000, 0x0000000087300000| Complete 
| 116|0x0000000087400000, 0x0000000087500000, 0x0000000087500000|100%| S|CS|TAMS 0x0000000087400000, 0x0000000087400000| Complete 
| 117|0x0000000087500000, 0x0000000087600000, 0x0000000087600000|100%| E|CS|TAMS 0x0000000087500000, 0x0000000087500000| Complete 
| 118|0x0000000087600000, 0x0000000087700000, 0x0000000087700000|100%| E|CS|TAMS 0x0000000087600000, 0x0000000087600000| Complete 
| 119|0x0000000087700000, 0x0000000087800000, 0x0000000087800000|100%| E|CS|TAMS 0x0000000087700000, 0x0000000087700000| Complete 
| 120|0x0000000087800000, 0x0000000087900000, 0x0000000087900000|100%| E|CS|TAMS 0x0000000087800000, 0x0000000087800000| Complete 
| 121|0x0000000087900000, 0x0000000087a00000, 0x0000000087a00000|100%| E|CS|TAMS 0x0000000087900000, 0x0000000087900000| Complete 
| 122|0x0000000087a00000, 0x0000000087b00000, 0x0000000087b00000|100%| E|CS|TAMS 0x0000000087a00000, 0x0000000087a00000| Complete 
| 123|0x0000000087b00000, 0x0000000087c00000, 0x0000000087c00000|100%| E|CS|TAMS 0x0000000087b00000, 0x0000000087b00000| Complete 
| 124|0x0000000087c00000, 0x0000000087d00000, 0x0000000087d00000|100%| E|CS|TAMS 0x0000000087c00000, 0x0000000087c00000| Complete 
| 125|0x0000000087d00000, 0x0000000087e00000, 0x0000000087e00000|100%| E|CS|TAMS 0x0000000087d00000, 0x0000000087d00000| Complete 

Card table byte_map: [0x00000224e6b10000,0x00000224e6f10000] _byte_map_base: 0x00000224e6710000

Marking Bits (Prev, Next): (CMBitMap*) 0x00000224d392f168, (CMBitMap*) 0x00000224d392f1a0
 Prev Bits: [0x00000224e7310000, 0x00000224e9310000)
 Next Bits: [0x00000224e9310000, 0x00000224eb310000)

Polling page: 0x00000224d1870000

Metaspace:

Usage:
  Non-class:     33.00 MB capacity,    32.44 MB ( 98%) used,   493.84 KB (  1%) free+waste,    88.19 KB ( <1%) overhead. 
      Class:      5.05 MB capacity,     4.73 MB ( 94%) used,   289.10 KB (  6%) free+waste,    42.19 KB ( <1%) overhead. 
       Both:     38.06 MB capacity,    37.17 MB ( 98%) used,   782.94 KB (  2%) free+waste,   130.38 KB ( <1%) overhead. 

Virtual space:
  Non-class space:       34.00 MB reserved,      33.25 MB ( 98%) committed 
      Class space:        1.00 GB reserved,       5.13 MB ( <1%) committed 
             Both:        1.03 GB reserved,      38.38 MB (  4%) committed 

Chunk freelists:
   Non-Class:  0 bytes
       Class:  8.00 KB
        Both:  8.00 KB

MaxMetaspaceSize: 17179869184.00 GB
CompressedClassSpaceSize: 1.00 GB

CodeHeap 'non-profiled nmethods': size=120000Kb used=1712Kb max_used=1712Kb free=118287Kb
 bounds [0x00000224deeb0000, 0x00000224df120000, 0x00000224e63e0000]
CodeHeap 'profiled nmethods': size=120000Kb used=7099Kb max_used=7099Kb free=112900Kb
 bounds [0x00000224d7980000, 0x00000224d8070000, 0x00000224deeb0000]
CodeHeap 'non-nmethods': size=5760Kb used=2200Kb max_used=2200Kb free=3559Kb
 bounds [0x00000224d73e0000, 0x00000224d7650000, 0x00000224d7980000]
 total_blobs=4152 nmethods=3390 adapters=673
 compilation: enabled
              stopped_count=0, restarted_count=0
 full_count=0

Compilation events (20 events):
Event: 20.878 Thread 0x00000224edd74800 nmethod 3198 0x00000224df056990 code [0x00000224df056b20, 0x00000224df056bd8]
Event: 20.878 Thread 0x00000224edd74800 3204       4       java.util.regex.Matcher::find (69 bytes)
Event: 20.888 Thread 0x00000224edd74800 nmethod 3204 0x00000224df056c90 code [0x00000224df056ea0, 0x00000224df057588]
Event: 20.888 Thread 0x00000224edd74800 3208       4       java.util.regex.Pattern$LastNode::match (45 bytes)
Event: 20.888 Thread 0x00000224edd74800 nmethod 3208 0x00000224df057a90 code [0x00000224df057c20, 0x00000224df057cd8]
Event: 20.888 Thread 0x00000224edd74800 3203       4       java.nio.DirectByteBuffer::ix (10 bytes)
Event: 20.889 Thread 0x00000224edd74800 nmethod 3203 0x00000224df057e10 code [0x00000224df057fa0, 0x00000224df058018]
Event: 20.889 Thread 0x00000224edd74800 3200       4       java.util.Spliterators$1Adapter::accept (11 bytes)
Event: 20.889 Thread 0x00000224edd74800 nmethod 3200 0x00000224df058090 code [0x00000224df058220, 0x00000224df058358]
Event: 20.972 Thread 0x00000224edd74800 3234   !   4       jdk.internal.loader.URLClassPath$JarLoader::getResource (353 bytes)
Event: 21.124 Thread 0x00000224edd78000 3236       3       java.lang.invoke.LambdaFormEditor$Transform::equals (32 bytes)
Event: 21.124 Thread 0x00000224edd78000 nmethod 3236 0x00000224d7ffd190 code [0x00000224d7ffd360, 0x00000224d7ffd528]
Event: 21.126 Thread 0x00000224edd78000 3239       3       groovy.lang.MetaClassImpl::addToAllMethodsIfPublic (22 bytes)
Event: 21.126 Thread 0x00000224edd78000 nmethod 3239 0x00000224d7ffd610 code [0x00000224d7ffd7e0, 0x00000224d7ffdb58]
Event: 21.126 Thread 0x00000224edd78000 3240       3       groovy.lang.MetaClassImpl::checkIfGroovyObjectMethod (57 bytes)
Event: 21.127 Thread 0x00000224edd78000 nmethod 3240 0x00000224d7ffdc90 code [0x00000224d7ffdf20, 0x00000224d7ffec58]
Event: 21.127 Thread 0x00000224edd78000 3242       3       groovy.lang.MetaClassImpl$1::methodNameAction (169 bytes)
Event: 21.128 Thread 0x00000224edd78000 nmethod 3242 0x00000224d7ffef10 code [0x00000224d7fff1e0, 0x00000224d8000508]
Event: 21.128 Thread 0x00000224edd78000 3241       3       groovy.lang.MetaClassImpl::isGenericGetMethod (44 bytes)
Event: 21.128 Thread 0x00000224edd78000 nmethod 3241 0x00000224d8000990 code [0x00000224d8000b80, 0x00000224d8001008]

GC Heap History (12 events):
Event: 1.232 GC heap before
{Heap before GC invocations=0 (full 0):
 garbage-first heap   total 129024K, used 29696K [0x0000000080000000, 0x0000000100000000)
  region size 1024K, 24 young (24576K), 0 survivors (0K)
 Metaspace       used 10193K, capacity 10361K, committed 10624K, reserved 1058816K
  class space    used 1064K, capacity 1139K, committed 1152K, reserved 1048576K
}
Event: 1.238 GC heap after
{Heap after GC invocations=1 (full 0):
 garbage-first heap   total 129024K, used 9046K [0x0000000080000000, 0x0000000100000000)
  region size 1024K, 3 young (3072K), 3 survivors (3072K)
 Metaspace       used 10193K, capacity 10361K, committed 10624K, reserved 1058816K
  class space    used 1064K, capacity 1139K, committed 1152K, reserved 1048576K
}
Event: 4.560 GC heap before
{Heap before GC invocations=1 (full 0):
 garbage-first heap   total 129024K, used 82774K [0x0000000080000000, 0x0000000100000000)
  region size 1024K, 75 young (76800K), 3 survivors (3072K)
 Metaspace       used 17744K, capacity 18160K, committed 18432K, reserved 1064960K
  class space    used 2093K, capacity 2238K, committed 2304K, reserved 1048576K
}
Event: 4.566 GC heap after
{Heap after GC invocations=2 (full 0):
 garbage-first heap   total 129024K, used 16195K [0x0000000080000000, 0x0000000100000000)
  region size 1024K, 10 young (10240K), 10 survivors (10240K)
 Metaspace       used 17744K, capacity 18160K, committed 18432K, reserved 1064960K
  class space    used 2093K, capacity 2238K, committed 2304K, reserved 1048576K
}
Event: 4.813 GC heap before
{Heap before GC invocations=2 (full 0):
 garbage-first heap   total 129024K, used 37699K [0x0000000080000000, 0x0000000100000000)
  region size 1024K, 32 young (32768K), 10 survivors (10240K)
 Metaspace       used 20583K, capacity 21096K, committed 21248K, reserved 1067008K
  class space    used 2509K, capacity 2690K, committed 2816K, reserved 1048576K
}
Event: 4.819 GC heap after
{Heap after GC invocations=3 (full 0):
 garbage-first heap   total 129024K, used 17026K [0x0000000080000000, 0x0000000100000000)
  region size 1024K, 1 young (1024K), 1 survivors (1024K)
 Metaspace       used 20583K, capacity 21096K, committed 21248K, reserved 1067008K
  class space    used 2509K, capacity 2690K, committed 2816K, reserved 1048576K
}
Event: 5.369 GC heap before
{Heap before GC invocations=4 (full 0):
 garbage-first heap   total 129024K, used 66178K [0x0000000080000000, 0x0000000100000000)
  region size 1024K, 49 young (50176K), 1 survivors (1024K)
 Metaspace       used 25599K, capacity 26140K, committed 26368K, reserved 1073152K
  class space    used 3346K, capacity 3568K, committed 3584K, reserved 1048576K
}
Event: 5.372 GC heap after
{Heap after GC invocations=5 (full 0):
 garbage-first heap   total 129024K, used 18616K [0x0000000080000000, 0x0000000100000000)
  region size 1024K, 3 young (3072K), 3 survivors (3072K)
 Metaspace       used 25599K, capacity 26140K, committed 26368K, reserved 1073152K
  class space    used 3346K, capacity 3568K, committed 3584K, reserved 1048576K
}
Event: 10.511 GC heap before
{Heap before GC invocations=5 (full 0):
 garbage-first heap   total 129024K, used 72888K [0x0000000080000000, 0x0000000100000000)
  region size 1024K, 56 young (57344K), 3 survivors (3072K)
 Metaspace       used 32193K, capacity 32946K, committed 33152K, reserved 1077248K
  class space    used 4210K, capacity 4475K, committed 4480K, reserved 1048576K
}
Event: 10.516 GC heap after
{Heap after GC invocations=6 (full 0):
 garbage-first heap   total 129024K, used 20923K [0x0000000080000000, 0x0000000100000000)
  region size 1024K, 5 young (5120K), 5 survivors (5120K)
 Metaspace       used 32193K, capacity 32946K, committed 33152K, reserved 1077248K
  class space    used 4210K, capacity 4475K, committed 4480K, reserved 1048576K
}
Event: 17.135 GC heap before
{Heap before GC invocations=6 (full 0):
 garbage-first heap   total 129024K, used 29115K [0x0000000080000000, 0x0000000100000000)
  region size 1024K, 14 young (14336K), 5 survivors (5120K)
 Metaspace       used 35006K, capacity 35834K, committed 35840K, reserved 1081344K
  class space    used 4541K, capacity 4864K, committed 4864K, reserved 1048576K
}
Event: 17.238 GC heap after
{Heap after GC invocations=7 (full 0):
 garbage-first heap   total 129024K, used 23406K [0x0000000080000000, 0x0000000100000000)
  region size 1024K, 5 young (5120K), 5 survivors (5120K)
 Metaspace       used 35006K, capacity 35834K, committed 35840K, reserved 1081344K
  class space    used 4541K, capacity 4864K, committed 4864K, reserved 1048576K
}

Deoptimization events (20 events):
Event: 17.330 Thread 0x00000224f0f63000 DEOPT PACKING pc=0x00000224deff2db4 sp=0x0000006b398f7910
Event: 17.330 Thread 0x00000224f0f63000 DEOPT UNPACKING pc=0x00000224d74078af sp=0x0000006b398f78b0 mode 2
Event: 20.122 Thread 0x00000224f0f63000 DEOPT PACKING pc=0x00000224d7d726f9 sp=0x0000006b398f8b20
Event: 20.122 Thread 0x00000224f0f63000 DEOPT UNPACKING pc=0x00000224d74076ce sp=0x0000006b398f8068 mode 0
Event: 20.840 Thread 0x00000224f0f63000 Uncommon trap: trap_request=0xffffffbe fr.pc=0x00000224df04f8a4 relative=0x0000000000000944
Event: 20.840 Thread 0x00000224f0f63000 Uncommon trap: reason=profile_predicate action=maybe_recompile pc=0x00000224df04f8a4 method=jdk.internal.jimage.ImageStringsReader.charsFromByteBuffer([CLjava/nio/ByteBuffer;)V @ 6 c2
Event: 20.840 Thread 0x00000224f0f63000 DEOPT PACKING pc=0x00000224df04f8a4 sp=0x0000006b398f9230
Event: 20.840 Thread 0x00000224f0f63000 DEOPT UNPACKING pc=0x00000224d74078af sp=0x0000006b398f9108 mode 2
Event: 20.840 Thread 0x00000224f0f63000 Uncommon trap: trap_request=0xffffffbe fr.pc=0x00000224df04f8a4 relative=0x0000000000000944
Event: 20.840 Thread 0x00000224f0f63000 Uncommon trap: reason=profile_predicate action=maybe_recompile pc=0x00000224df04f8a4 method=jdk.internal.jimage.ImageStringsReader.charsFromByteBuffer([CLjava/nio/ByteBuffer;)V @ 6 c2
Event: 20.840 Thread 0x00000224f0f63000 DEOPT PACKING pc=0x00000224df04f8a4 sp=0x0000006b398f9180
Event: 20.840 Thread 0x00000224f0f63000 DEOPT UNPACKING pc=0x00000224d74078af sp=0x0000006b398f9058 mode 2
Event: 20.840 Thread 0x00000224f0f63000 Uncommon trap: trap_request=0xffffffbe fr.pc=0x00000224df04f8a4 relative=0x0000000000000944
Event: 20.840 Thread 0x00000224f0f63000 Uncommon trap: reason=profile_predicate action=maybe_recompile pc=0x00000224df04f8a4 method=jdk.internal.jimage.ImageStringsReader.charsFromByteBuffer([CLjava/nio/ByteBuffer;)V @ 6 c2
Event: 20.840 Thread 0x00000224f0f63000 DEOPT PACKING pc=0x00000224df04f8a4 sp=0x0000006b398f8fa0
Event: 20.840 Thread 0x00000224f0f63000 DEOPT UNPACKING pc=0x00000224d74078af sp=0x0000006b398f8e78 mode 2
Event: 20.840 Thread 0x00000224f0f63000 Uncommon trap: trap_request=0xffffffbe fr.pc=0x00000224df04f8a4 relative=0x0000000000000944
Event: 20.840 Thread 0x00000224f0f63000 Uncommon trap: reason=profile_predicate action=maybe_recompile pc=0x00000224df04f8a4 method=jdk.internal.jimage.ImageStringsReader.charsFromByteBuffer([CLjava/nio/ByteBuffer;)V @ 6 c2
Event: 20.840 Thread 0x00000224f0f63000 DEOPT PACKING pc=0x00000224df04f8a4 sp=0x0000006b398f8fa0
Event: 20.840 Thread 0x00000224f0f63000 DEOPT UNPACKING pc=0x00000224d74078af sp=0x0000006b398f8e78 mode 2

Classes redefined (0 events):
No events

Internal exceptions (20 events):
Event: 5.760 Thread 0x00000224f0f63000 Implicit null exception at 0x00000224def9f7af to 0x00000224def9f81d
Event: 8.706 Thread 0x00000224f0f63000 Exception <a 'java/lang/NoSuchMethodError'{0x0000000084dee0a0}: 'void java.lang.invoke.DirectMethodHandle$Holder.invokeStaticInit(java.lang.Object, java.lang.Object, java.lang.Object)'> (0x0000000084dee0a0) thrown at [./src/hotspot/share/interpreter/linkResolver.cpp, line 773]
Event: 8.707 Thread 0x00000224f0f63000 Exception <a 'java/lang/NoSuchMethodError'{0x0000000084df4e78}: 'void java.lang.invoke.DirectMethodHandle$Holder.invokeStaticInit(java.lang.Object, java.lang.Object, java.lang.Object, java.lang.Object)'> (0x0000000084df4e78) thrown at [./src/hotspot/share/interpreter/linkResolver.cpp, line 773]
Event: 8.712 Thread 0x00000224f0f63000 Exception <a 'java/lang/NoSuchMethodError'{0x0000000084917b68}: 'void java.lang.invoke.DirectMethodHandle$Holder.invokeStaticInit(java.lang.Object, java.lang.Object, java.lang.Object, java.lang.Object, java.lang.Object)'> (0x0000000084917b68) thrown at [./src/hotspot/share/interpreter/linkResolver.cpp, line 773]
Event: 8.713 Thread 0x00000224f0f63000 Exception <a 'java/lang/NoSuchMethodError'{0x000000008491f278}: 'int java.lang.invoke.DirectMethodHandle$Holder.invokeStaticInit(java.lang.Object, java.lang.Object, java.lang.Object)'> (0x000000008491f278) thrown at [./src/hotspot/share/interpreter/linkResolver.cpp, line 773]
Event: 8.779 Thread 0x00000224f0f63000 Exception <a 'java/lang/NoSuchMethodError'{0x000000008497dc40}: 'int java.lang.invoke.DirectMethodHandle$Holder.invokeStaticInit(java.lang.Object, java.lang.Object, java.lang.Object, java.lang.Object)'> (0x000000008497dc40) thrown at [./src/hotspot/share/interpreter/linkResolver.cpp, line 773]
Event: 8.780 Thread 0x00000224f0f63000 Exception <a 'java/lang/IncompatibleClassChangeError'{0x0000000084987618}: Found class java.lang.Object, but interface was expected> (0x0000000084987618) thrown at [./src/hotspot/share/interpreter/linkResolver.cpp, line 839]
Event: 15.326 Thread 0x00000224f0f63000 Exception <a 'java/lang/NoSuchMethodError'{0x0000000087951528}: 'java.lang.Object java.lang.invoke.DirectMethodHandle$Holder.invokeStatic(java.lang.Object, java.lang.Object, java.lang.Object, java.lang.Object, java.lang.Object, java.lang.Object, java.lang.Object, java.lang.Object, java.lang.Object, java.lang.Object, java.lang.Object, int)'> (0x0000000087951528) thrown at [./src/hotspot/share/interpreter/linkResolver.cpp, line 773]
Event: 15.328 Thread 0x00000224f0f63000 Exception <a 'java/lang/NoSuchMethodError'{0x000000008796ffa8}: 'java.lang.Object java.lang.invoke.DirectMethodHandle$Holder.invokeStatic(java.lang.Object, java.lang.Object, java.lang.Object, java.lang.Object, java.lang.Object, java.lang.Object, java.lang.Object, java.lang.Object, java.lang.Object, java.lang.Object, java.lang.Object, int, int)'> (0x000000008796ffa8) thrown at [./src/hotspot/share/interpreter/linkResolver.cpp, line 773]
Event: 15.329 Thread 0x00000224f0f63000 Exception <a 'java/lang/NoSuchMethodError'{0x000000008798fa28}: 'java.lang.Object java.lang.invoke.DirectMethodHandle$Holder.invokeStatic(java.lang.Object, java.lang.Object, java.lang.Object, java.lang.Object, java.lang.Object, java.lang.Object, java.lang.Object, java.lang.Object, java.lang.Object, java.lang.Object, java.lang.Object, int, int, java.lang.Object)'> (0x000000008798fa28) thrown at [./src/hotspot/share/interpreter/linkResolver.cpp, line 773]
Event: 15.330 Thread 0x00000224f0f63000 Exception <a 'java/lang/NoSuchMethodError'{0x00000000879b0b20}: 'java.lang.Object java.lang.invoke.DirectMethodHandle$Holder.invokeStatic(java.lang.Object, java.lang.Object, java.lang.Object, java.lang.Object, java.lang.Object, java.lang.Object, java.lang.Object, java.lang.Object, java.lang.Object, java.lang.Object, java.lang.Object, int, int, java.lang.Object, java.lang.Object)'> (0x00000000879b0b20) thrown at [./src/hotspot/share/interpreter/linkResolver.cpp, line 773]
Event: 15.463 Thread 0x00000224f0f63000 Exception <a 'java/lang/ClassNotFoundException'{0x00000000879df738}: groovy/lang/ExpandoMetaClassBeanInfo> (0x00000000879df738) thrown at [./src/hotspot/share/classfile/systemDictionary.cpp, line 231]
Event: 15.597 Thread 0x00000224f0f63000 Exception <a 'java/lang/ClassNotFoundException'{0x00000000879fe6d0}: groovy/lang/MetaClassImplBeanInfo> (0x00000000879fe6d0) thrown at [./src/hotspot/share/classfile/systemDictionary.cpp, line 231]
Event: 15.597 Thread 0x00000224f0f63000 Exception <a 'java/lang/ClassNotFoundException'{0x00000000878073b0}: java/lang/ObjectBeanInfo> (0x00000000878073b0) thrown at [./src/hotspot/share/classfile/systemDictionary.cpp, line 231]
Event: 15.598 Thread 0x00000224f0f63000 Exception <a 'java/lang/ClassNotFoundException'{0x0000000087811f90}: java/lang/ObjectCustomizer> (0x0000000087811f90) thrown at [./src/hotspot/share/classfile/systemDictionary.cpp, line 231]
Event: 16.134 Thread 0x00000224f0f63000 Exception <a 'java/lang/ClassNotFoundException'{0x0000000087837c40}: groovy/lang/MetaClassImplCustomizer> (0x0000000087837c40) thrown at [./src/hotspot/share/classfile/systemDictionary.cpp, line 231]
Event: 16.265 Thread 0x00000224f0f63000 Exception <a 'java/lang/ClassNotFoundException'{0x0000000087876510}: groovy/lang/ExpandoMetaClassCustomizer> (0x0000000087876510) thrown at [./src/hotspot/share/classfile/systemDictionary.cpp, line 231]
Event: 21.127 Thread 0x00000224f0f63000 Exception <a 'java/lang/ClassNotFoundException'{0x000000008620e3a0}: org/gradle/internal/extensibility/DefaultExtraPropertiesExtensionBeanInfo> (0x000000008620e3a0) thrown at [./src/hotspot/share/classfile/systemDictionary.cpp, line 231]
Event: 21.128 Thread 0x00000224f0f63000 Exception <a 'java/lang/ClassNotFoundException'{0x000000008622e4a0}: groovy/lang/GroovyObjectSupportBeanInfo> (0x000000008622e4a0) thrown at [./src/hotspot/share/classfile/systemDictionary.cpp, line 231]
Event: 21.128 Thread 0x00000224f0f63000 Exception <a 'java/lang/ClassNotFoundException'{0x000000008624e5e8}: groovy/lang/GroovyObjectSupportCustomizer> (0x000000008624e5e8) thrown at [./src/hotspot/share/classfile/systemDictionary.cpp, line 231]

Events (20 events):
Event: 21.125 loading class groovy/runtime/metaclass/org/gradle/internal/extensibility/DefaultExtraPropertiesExtensionMetaClass
Event: 21.125 loading class groovy/runtime/metaclass/org/gradle/internal/extensibility/DefaultExtraPropertiesExtensionMetaClass done
Event: 21.127 loading class org/gradle/internal/extensibility/DefaultExtraPropertiesExtensionBeanInfo
Event: 21.127 loading class org/gradle/internal/extensibility/DefaultExtraPropertiesExtensionBeanInfo done
Event: 21.127 loading class org/gradle/internal/extensibility/DefaultExtraPropertiesExtensionBeanInfo
Event: 21.127 loading class org/gradle/internal/extensibility/DefaultExtraPropertiesExtensionBeanInfo done
Event: 21.127 loading class org/gradle/internal/extensibility/DefaultExtraPropertiesExtensionBeanInfo
Event: 21.127 loading class org/gradle/internal/extensibility/DefaultExtraPropertiesExtensionBeanInfo done
Event: 21.127 loading class groovy/lang/GroovyObjectSupportBeanInfo
Event: 21.127 loading class groovy/lang/GroovyObjectSupportBeanInfo done
Event: 21.127 loading class groovy/lang/GroovyObjectSupportBeanInfo
Event: 21.127 loading class groovy/lang/GroovyObjectSupportBeanInfo done
Event: 21.128 loading class groovy/lang/GroovyObjectSupportBeanInfo
Event: 21.128 loading class groovy/lang/GroovyObjectSupportBeanInfo done
Event: 21.128 loading class groovy/lang/GroovyObjectSupportCustomizer
Event: 21.128 loading class groovy/lang/GroovyObjectSupportCustomizer done
Event: 21.128 loading class groovy/lang/GroovyObjectSupportCustomizer
Event: 21.128 loading class groovy/lang/GroovyObjectSupportCustomizer done
Event: 21.128 loading class groovy/lang/GroovyObjectSupportCustomizer
Event: 21.128 loading class groovy/lang/GroovyObjectSupportCustomizer done


Dynamic libraries:
0x00007ff6f89e0000 - 0x00007ff6f89ea000 	C:\Program Files\Android\Android Studio\jre\bin\java.exe
0x00007ff9ba290000 - 0x00007ff9ba488000 	C:\WINDOWS\SYSTEM32\ntdll.dll
0x00007ff9b9d20000 - 0x00007ff9b9ddf000 	C:\WINDOWS\System32\KERNEL32.DLL
0x00007ff9b7e00000 - 0x00007ff9b80da000 	C:\WINDOWS\System32\KERNELBASE.dll
0x00007ff9b79f0000 - 0x00007ff9b7af0000 	C:\WINDOWS\System32\ucrtbase.dll
0x00007ff9a3660000 - 0x00007ff9a3677000 	C:\Program Files\Android\Android Studio\jre\bin\VCRUNTIME140.dll
0x00007ff9a35c0000 - 0x00007ff9a35d9000 	C:\Program Files\Android\Android Studio\jre\bin\jli.dll
0x00007ff9b9b80000 - 0x00007ff9b9d1d000 	C:\WINDOWS\System32\USER32.dll
0x00007ff99fa40000 - 0x00007ff99fcda000 	C:\WINDOWS\WinSxS\amd64_microsoft.windows.common-controls_6595b64144ccf1df_6.0.19041.1110_none_60b5254171f9507e\COMCTL32.dll
0x00007ff9b8180000 - 0x00007ff9b81a2000 	C:\WINDOWS\System32\win32u.dll
0x00007ff9ba050000 - 0x00007ff9ba0ee000 	C:\WINDOWS\System32\msvcrt.dll
0x00007ff9ba0f0000 - 0x00007ff9ba11b000 	C:\WINDOWS\System32\GDI32.dll
0x00007ff9b81e0000 - 0x00007ff9b82f0000 	C:\WINDOWS\System32\gdi32full.dll
0x00007ff9b80e0000 - 0x00007ff9b817d000 	C:\WINDOWS\System32\msvcp_win.dll
0x00007ff9b9160000 - 0x00007ff9b9190000 	C:\WINDOWS\System32\IMM32.DLL
0x00007ff974240000 - 0x00007ff9742dd000 	C:\Program Files\Android\Android Studio\jre\bin\msvcp140.dll
0x00007ff96c3a0000 - 0x00007ff96ce6f000 	C:\Program Files\Android\Android Studio\jre\bin\server\jvm.dll
0x00007ff9b9fa0000 - 0x00007ff9ba04e000 	C:\WINDOWS\System32\ADVAPI32.dll
0x00007ff9b8440000 - 0x00007ff9b84dc000 	C:\WINDOWS\System32\sechost.dll
0x00007ff9ba120000 - 0x00007ff9ba246000 	C:\WINDOWS\System32\RPCRT4.dll
0x00007ff9b8e80000 - 0x00007ff9b8e88000 	C:\WINDOWS\System32\PSAPI.DLL
0x00007ff99e790000 - 0x00007ff99e7b7000 	C:\WINDOWS\SYSTEM32\WINMM.dll
0x00007ff9ad830000 - 0x00007ff9ad83a000 	C:\WINDOWS\SYSTEM32\VERSION.dll
0x00007ff999fe0000 - 0x00007ff999fe9000 	C:\WINDOWS\SYSTEM32\WSOCK32.dll
0x00007ff9b9280000 - 0x00007ff9b92eb000 	C:\WINDOWS\System32\ws2_32.DLL
0x00007ff9b61f0000 - 0x00007ff9b6202000 	C:\WINDOWS\SYSTEM32\kernel.appcore.dll
0x00007ff9afed0000 - 0x00007ff9afee1000 	C:\Program Files\Android\Android Studio\jre\bin\verify.dll
0x00007ff9b2580000 - 0x00007ff9b2764000 	C:\WINDOWS\SYSTEM32\DBGHELP.DLL
0x00007ff99a130000 - 0x00007ff99a164000 	C:\WINDOWS\SYSTEM32\dbgcore.DLL
0x00007ff9b7ba0000 - 0x00007ff9b7c22000 	C:\WINDOWS\System32\bcryptPrimitives.dll
0x00007ff9ac240000 - 0x00007ff9ac269000 	C:\Program Files\Android\Android Studio\jre\bin\java.dll
0x00007ff9b1ad0000 - 0x00007ff9b1adb000 	C:\Program Files\Android\Android Studio\jre\bin\jimage.dll
0x00007ff9afe80000 - 0x00007ff9afe98000 	C:\Program Files\Android\Android Studio\jre\bin\zip.dll
0x00007ff9b92f0000 - 0x00007ff9b9a34000 	C:\WINDOWS\System32\SHELL32.dll
0x00007ff9b5a40000 - 0x00007ff9b61d3000 	C:\WINDOWS\SYSTEM32\windows.storage.dll
0x00007ff9b8ac0000 - 0x00007ff9b8e14000 	C:\WINDOWS\System32\combase.dll
0x00007ff9b7400000 - 0x00007ff9b742e000 	C:\WINDOWS\SYSTEM32\Wldp.dll
0x00007ff9b8a10000 - 0x00007ff9b8abd000 	C:\WINDOWS\System32\SHCORE.dll
0x00007ff9b9eb0000 - 0x00007ff9b9f05000 	C:\WINDOWS\System32\shlwapi.dll
0x00007ff9b78e0000 - 0x00007ff9b78ff000 	C:\WINDOWS\SYSTEM32\profapi.dll
0x00007ff9ae810000 - 0x00007ff9ae82a000 	C:\Program Files\Android\Android Studio\jre\bin\net.dll
0x00007ff9ab040000 - 0x00007ff9ab14a000 	C:\WINDOWS\SYSTEM32\WINHTTP.dll
0x00007ff9b7160000 - 0x00007ff9b71ca000 	C:\WINDOWS\system32\mswsock.dll
0x00007ff9ae690000 - 0x00007ff9ae6a4000 	C:\Program Files\Android\Android Studio\jre\bin\nio.dll
0x00007ff9a1b10000 - 0x00007ff9a1b37000 	C:\Users\PC\.gradle\native\8bec1ad78214c89d9ad589b4d07fe93259594b29d510b10fafb7a158f7737e5d\windows-amd64\native-platform.dll
0x00007ff9787e0000 - 0x00007ff97891d000 	C:\Users\PC\.gradle\native\53dbd7edfb1c66fb8903c78663c9afc45aea4f116125fa6feffd364cf09443e8\windows-amd64\native-platform-file-events.dll
0x00007ff9b1ab0000 - 0x00007ff9b1aba000 	C:\Program Files\Android\Android Studio\jre\bin\management.dll
0x00007ff9afec0000 - 0x00007ff9afecc000 	C:\Program Files\Android\Android Studio\jre\bin\management_ext.dll
0x00007ff9b7350000 - 0x00007ff9b7368000 	C:\WINDOWS\SYSTEM32\CRYPTSP.dll
0x00007ff9b6a10000 - 0x00007ff9b6a44000 	C:\WINDOWS\system32\rsaenh.dll
0x00007ff9b81b0000 - 0x00007ff9b81d7000 	C:\WINDOWS\System32\bcrypt.dll
0x00007ff9b7860000 - 0x00007ff9b788e000 	C:\WINDOWS\SYSTEM32\USERENV.dll
0x00007ff9b7370000 - 0x00007ff9b737c000 	C:\WINDOWS\SYSTEM32\CRYPTBASE.dll
0x00007ff9b6e00000 - 0x00007ff9b6e3c000 	C:\WINDOWS\SYSTEM32\IPHLPAPI.DLL
0x00007ff9b9190000 - 0x00007ff9b9198000 	C:\WINDOWS\System32\NSI.dll
0x00007ff9ac340000 - 0x00007ff9ac357000 	C:\WINDOWS\SYSTEM32\dhcpcsvc6.DLL
0x00007ff9ac6d0000 - 0x00007ff9ac6ed000 	C:\WINDOWS\SYSTEM32\dhcpcsvc.DLL
0x00007ff9b6e40000 - 0x00007ff9b6f0b000 	C:\WINDOWS\SYSTEM32\DNSAPI.dll

dbghelp: loaded successfully - version: 4.0.5 - missing functions: none
symbol engine: initialized successfully - sym options: 0x614 - pdb path: .;C:\Program Files\Android\Android Studio\jre\bin;C:\WINDOWS\SYSTEM32;C:\WINDOWS\WinSxS\amd64_microsoft.windows.common-controls_6595b64144ccf1df_6.0.19041.1110_none_60b5254171f9507e;C:\Program Files\Android\Android Studio\jre\bin\server;C:\Users\PC\.gradle\native\8bec1ad78214c89d9ad589b4d07fe93259594b29d510b10fafb7a158f7737e5d\windows-amd64;C:\Users\PC\.gradle\native\53dbd7edfb1c66fb8903c78663c9afc45aea4f116125fa6feffd364cf09443e8\windows-amd64

VM Arguments:
jvm_args: --add-opens=java.base/java.util=ALL-UNNAMED --add-opens=java.base/java.lang=ALL-UNNAMED --add-opens=java.base/java.lang.invoke=ALL-UNNAMED --add-opens=java.base/java.util=ALL-UNNAMED --add-opens=java.prefs/java.util.prefs=ALL-UNNAMED --add-opens=java.prefs/java.util.prefs=ALL-UNNAMED --add-opens=java.base/java.nio.charset=ALL-UNNAMED --add-opens=java.base/java.net=ALL-UNNAMED --add-opens=java.base/java.util.concurrent.atomic=ALL-UNNAMED -Xmx2048m -Dfile.encoding=UTF-8 -Duser.country=MY -Duser.language=en -Duser.variant 
java_command: org.gradle.launcher.daemon.bootstrap.GradleDaemon 7.0.2
java_class_path (initial): C:\Users\PC\.gradle\wrapper\dists\gradle-7.0.2-bin\857tjihv64xamwrf0h14cai3r\gradle-7.0.2\lib\gradle-launcher-7.0.2.jar
Launcher Type: SUN_STANDARD

[Global flags]
     intx CICompilerCount                          = 4                                         {product} {ergonomic}
     uint ConcGCThreads                            = 2                                         {product} {ergonomic}
     uint G1ConcRefinementThreads                  = 8                                         {product} {ergonomic}
   size_t G1HeapRegionSize                         = 1048576                                   {product} {ergonomic}
    uintx GCDrainStackTargetSize                   = 64                                        {product} {ergonomic}
   size_t InitialHeapSize                          = 132120576                                 {product} {ergonomic}
   size_t MarkStackSize                            = 4194304                                   {product} {ergonomic}
   size_t MaxHeapSize                              = 2147483648                                {product} {command line}
   size_t MaxNewSize                               = 1287651328                                {product} {ergonomic}
   size_t MinHeapDeltaBytes                        = 1048576                                   {product} {ergonomic}
    uintx NonNMethodCodeHeapSize                   = 5836300                                {pd product} {ergonomic}
    uintx NonProfiledCodeHeapSize                  = 122910970                              {pd product} {ergonomic}
    uintx ProfiledCodeHeapSize                     = 122910970                              {pd product} {ergonomic}
    uintx ReservedCodeCacheSize                    = 251658240                              {pd product} {ergonomic}
     bool SegmentedCodeCache                       = true                                      {product} {ergonomic}
     bool UseCompressedClassPointers               = true                                 {lp64_product} {ergonomic}
     bool UseCompressedOops                        = true                                 {lp64_product} {ergonomic}
     bool UseG1GC                                  = true                                      {product} {ergonomic}
     bool UseLargePagesIndividualAllocation        = false                                  {pd product} {ergonomic}

Logging:
Log output configuration:
 #0: stdout all=warning uptime,level,tags
 #1: stderr all=off uptime,level,tags

Environment Variables:
JAVA_HOME=C:\Java
PATH=C:\Program Files\Eclipse Foundation\jdk-8.0.302.8-hotspot\bin;C:\Java\bin;C:\Windows\system32;C:\Windows;C:\Windows\System32\Wbem;C:\Windows\System32\WindowsPowerShell\v1.0\;C:\Program Files (x86)\Gow\bin;C:\Program Files (x86)\scala\bin;C:\Program Files (x86)\sbt\bin;C:\Program Files\dotnet\;C:\Program Files\Microsoft SQL Server\Client SDK\ODBC\170\Tools\Binn\;C:\Program Files (x86)\Microsoft SQL Server\160\Tools\Binn\;C:\Program Files\Microsoft SQL Server\160\Tools\Binn\;C:\Program Files\Microsoft SQL Server\160\DTS\Binn\;C:\Program Files (x86)\Microsoft SQL Server\160\DTS\Binn\;C:\Program Files\Azure Data Studio\bin;C:\Program Files\Git\cmd;C:\Users\PC\anaconda3;C:\Users\PC\anaconda3\Library\mingw-w64\bin;C:\Users\PC\anaconda3\Library\usr\bin;C:\Users\PC\anaconda3\Library\bin;C:\Users\PC\anaconda3\Scripts;C:\spark\bin; C:\Java\bin;C:\Program Files\JetBrains\IntelliJ IDEA Community Edition 2022.1\bin;;C:\Users\PC\AppData\Local\Programs\Microsoft VS Code\bin;C:\Users\PC\.dotnet\tools;C:\Program Files\Azure Data Studio\bin
USERNAME=Pei Hui
OS=Windows_NT
PROCESSOR_IDENTIFIER=Intel64 Family 6 Model 142 Stepping 12, GenuineIntel



---------------  S Y S T E M  ---------------

OS: Windows 10 , 64 bit Build 19041 (10.0.19041.2788)
OS uptime: 3 days 5:17 hours

CPU:total 8 (initial active 8) (4 cores per cpu, 2 threads per core) family 6 model 142 stepping 12 microcode 0xbe, cmov, cx8, fxsr, mmx, sse, sse2, sse3, ssse3, sse4.1, sse4.2, popcnt, avx, avx2, aes, clmul, erms, 3dnowpref, lzcnt, ht, tsc, tscinvbit, bmi1, bmi2, adx, fma

Memory: 4k page, system-wide physical 8043M (163M free)
TotalPageFile size 32619M (AvailPageFile size 9M)
current process WorkingSet (physical memory assigned to process): 123M, peak: 245M
current process commit charge ("private bytes"): 284M, peak: 312M

vm_info: OpenJDK 64-Bit Server VM (11.0.10+0-b96-7249189) for windows-amd64 JRE (11.0.10+0-b96-7249189), built on Mar 31 2021 21:44:00 by "builder" with MS VC++ 14.0 (VS2015)

END.
